I, [2020-06-18T07:32:12.629288 #42826]  INFO -- : Registered expected interaction GET /names
D, [2020-06-18T07:32:12.629518 #42826] DEBUG -- : {
  "description": "a request for names",
  "providerState": "empty",
  "request": {
    "method": "GET",
    "path": "/names"
  },
  "response": {
    "status": 200,
    "headers": {
      "Content-Type": "application/json; charset=utf-8"
    },
    "body": [

    ]
  },
  "metadata": null
}
I, [2020-06-18T07:32:12.639660 #42826]  INFO -- : Received request GET /names
D, [2020-06-18T07:32:12.639802 #42826] DEBUG -- : {
  "path": "/names",
  "query": "",
  "method": "get",
  "headers": {
    "Host": "localhost:9123",
    "Accept-Encoding": "gzip, deflate",
    "Connection": "close",
    "Version": "HTTP/1.1"
  }
}
I, [2020-06-18T07:32:12.640120 #42826]  INFO -- : Found matching response for GET /names
D, [2020-06-18T07:32:12.640255 #42826] DEBUG -- : {
  "status": 200,
  "headers": {
    "Content-Type": "application/json; charset=utf-8"
  },
  "body": [

  ]
}
I, [2020-06-18T07:32:12.647710 #42826]  INFO -- : Verifying - interactions matched
I, [2020-06-18T07:32:12.650964 #42826]  INFO -- : Cleared interactions
I, [2020-06-18T07:32:12.655478 #42826]  INFO -- : Registered expected interaction GET /names
D, [2020-06-18T07:32:12.655595 #42826] DEBUG -- : {
  "description": "a request for names",
  "providerState": "Shima",
  "request": {
    "method": "GET",
    "path": "/names"
  },
  "response": {
    "status": 200,
    "headers": {
      "Content-Type": "application/json; charset=utf-8"
    },
    "body": [
      {
        "id": 0,
        "first": "Shima"
      }
    ]
  },
  "metadata": null
}
I, [2020-06-18T07:32:12.660551 #42826]  INFO -- : Received request GET /names
D, [2020-06-18T07:32:12.660657 #42826] DEBUG -- : {
  "path": "/names",
  "query": "",
  "method": "get",
  "headers": {
    "Host": "localhost:9123",
    "Accept-Encoding": "gzip, deflate",
    "Connection": "close",
    "Version": "HTTP/1.1"
  }
}
I, [2020-06-18T07:32:12.660791 #42826]  INFO -- : Found matching response for GET /names
D, [2020-06-18T07:32:12.660848 #42826] DEBUG -- : {
  "status": 200,
  "headers": {
    "Content-Type": "application/json; charset=utf-8"
  },
  "body": [
    {
      "id": 0,
      "first": "Shima"
    }
  ]
}
I, [2020-06-18T07:32:12.665455 #42826]  INFO -- : Verifying - interactions matched
I, [2020-06-18T07:32:12.670954 #42826]  INFO -- : Cleared interactions
I, [2020-06-18T07:32:12.675943 #42826]  INFO -- : Registered expected interaction POST /names
D, [2020-06-18T07:32:12.676069 #42826] DEBUG -- : {
  "description": "a request to create a name",
  "providerState": "empty",
  "request": {
    "method": "POST",
    "path": "/names",
    "headers": {
      "Content-Type": "application/json"
    },
    "body": {
      "first": "Shima"
    }
  },
  "response": {
    "status": 200,
    "headers": {
      "Content-Type": "application/json; charset=utf-8"
    },
    "body": {
      "id": 0,
      "first": "Shima"
    }
  },
  "metadata": null
}
I, [2020-06-18T07:32:12.686847 #42826]  INFO -- : Received request POST /names
D, [2020-06-18T07:32:12.686984 #42826] DEBUG -- : {
  "path": "/names",
  "query": "",
  "method": "post",
  "body": {
    "first": "Shima"
  },
  "headers": {
    "Content-Length": "17",
    "Content-Type": "application/json",
    "Host": "localhost:9123",
    "Accept-Encoding": "gzip, deflate",
    "Connection": "close",
    "Version": "HTTP/1.1"
  }
}
I, [2020-06-18T07:32:12.687151 #42826]  INFO -- : Found matching response for POST /names
D, [2020-06-18T07:32:12.687210 #42826] DEBUG -- : {
  "status": 200,
  "headers": {
    "Content-Type": "application/json; charset=utf-8"
  },
  "body": {
    "id": 0,
    "first": "Shima"
  }
}
I, [2020-06-18T07:32:12.691704 #42826]  INFO -- : Verifying - interactions matched
I, [2020-06-18T07:32:12.695692 #42826]  INFO -- : Cleared interactions
I, [2020-06-18T07:32:12.700746 #42826]  INFO -- : Registered expected interaction DELETE /names/0
D, [2020-06-18T07:32:12.700898 #42826] DEBUG -- : {
  "description": "a request to delete a name",
  "providerState": "Shima",
  "request": {
    "method": "DELETE",
    "path": "/names/0"
  },
  "response": {
    "status": 200,
    "headers": {
      "Content-Type": "application/json; charset=utf-8"
    },
    "body": {
      "id": 0,
      "first": "Shima"
    }
  },
  "metadata": null
}
I, [2020-06-18T07:32:12.707105 #42826]  INFO -- : Received request DELETE /names/0
D, [2020-06-18T07:32:12.707206 #42826] DEBUG -- : {
  "path": "/names/0",
  "query": "",
  "method": "delete",
  "headers": {
    "Host": "localhost:9123",
    "Accept-Encoding": "gzip, deflate",
    "Connection": "close",
    "Version": "HTTP/1.1"
  }
}
I, [2020-06-18T07:32:12.707316 #42826]  INFO -- : Found matching response for DELETE /names/0
D, [2020-06-18T07:32:12.707399 #42826] DEBUG -- : {
  "status": 200,
  "headers": {
    "Content-Type": "application/json; charset=utf-8"
  },
  "body": {
    "id": 0,
    "first": "Shima"
  }
}
I, [2020-06-18T07:32:12.711673 #42826]  INFO -- : Verifying - interactions matched
I, [2020-06-18T07:32:12.717168 #42826]  INFO -- : Cleared interactions
I, [2020-06-18T07:32:12.721500 #42826]  INFO -- : Writing pact for Our Provider to /Users/sp100224/pact_implementation/pacts/our_little_consumer-our_provider.json
